{"/Users/ex/project/smallNfast/s4c-web/src/assets/images/small_err_icon.png": {"path":"/Users/ex/project/smallNfast/s4c-web/src/assets/images/small_err_icon.png","statementMap":{},"fnMap":{},"branchMap":{},"s":{},"f":{},"b":{},"meta":{"lastBranch":0,"lastFunction":0,"lastStatement":0,"seen":{}}}
,"/Users/ex/project/smallNfast/s4c-web/src/assets/images/small_info_icon.png": {"path":"/Users/ex/project/smallNfast/s4c-web/src/assets/images/small_info_icon.png","statementMap":{},"fnMap":{},"branchMap":{},"s":{},"f":{},"b":{},"meta":{"lastBranch":0,"lastFunction":0,"lastStatement":0,"seen":{}}}
,"/Users/ex/project/smallNfast/s4c-web/src/assets/images/small_succ_icon.png": {"path":"/Users/ex/project/smallNfast/s4c-web/src/assets/images/small_succ_icon.png","statementMap":{},"fnMap":{},"branchMap":{},"s":{},"f":{},"b":{},"meta":{"lastBranch":0,"lastFunction":0,"lastStatement":0,"seen":{}}}
,"/Users/ex/project/smallNfast/s4c-web/src/assets/images/small_warn_icon.png": {"path":"/Users/ex/project/smallNfast/s4c-web/src/assets/images/small_warn_icon.png","statementMap":{},"fnMap":{},"branchMap":{},"s":{},"f":{},"b":{},"meta":{"lastBranch":0,"lastFunction":0,"lastStatement":0,"seen":{}}}
,"/Users/ex/project/smallNfast/s4c-web/src/components/CustomDialog.css": {"path":"/Users/ex/project/smallNfast/s4c-web/src/components/CustomDialog.css","statementMap":{},"fnMap":{},"branchMap":{},"s":{},"f":{},"b":{},"meta":{"lastBranch":0,"lastFunction":0,"lastStatement":0,"seen":{}}}
,"/Users/ex/project/smallNfast/s4c-web/src/components/CustomDialog.jsx": {"path":"/Users/ex/project/smallNfast/s4c-web/src/components/CustomDialog.jsx","statementMap":{"0":{"start":{"line":8,"column":6},"end":{"line":63,"column":null}},"1":{"start":{"line":20,"column":2},"end":{"line":20,"column":null}},"2":{"start":{"line":20,"column":15},"end":{"line":20,"column":null}},"3":{"start":{"line":22,"column":8},"end":{"line":28,"column":null}},"4":{"start":{"line":23,"column":4},"end":{"line":28,"column":null}},"5":{"start":{"line":24,"column":19},"end":{"line":24,"column":null}},"6":{"start":{"line":25,"column":19},"end":{"line":25,"column":null}},"7":{"start":{"line":26,"column":18},"end":{"line":26,"column":null}},"8":{"start":{"line":28,"column":15},"end":{"line":28,"column":null}},"9":{"start":{"line":32,"column":2},"end":{"line":63,"column":null}},"10":{"start":{"line":36,"column":24},"end":{"line":36,"column":43}}},"fnMap":{"0":{"name":"(anonymous_0)","decl":{"start":{"line":8,"column":6},"end":{"line":8,"column":22}},"loc":{"start":{"line":19,"column":6},"end":{"line":63,"column":null}},"line":19},"1":{"name":"(anonymous_1)","decl":{"start":{"line":22,"column":8},"end":{"line":22,"column":24}},"loc":{"start":{"line":22,"column":24},"end":{"line":28,"column":null}},"line":22},"2":{"name":"(anonymous_2)","decl":{"start":{"line":36,"column":8},"end":{"line":36,"column":18}},"loc":{"start":{"line":36,"column":24},"end":{"line":36,"column":43}},"line":36}},"branchMap":{"0":{"loc":{"start":{"line":12,"column":2},"end":{"line":12,"column":null}},"type":"default-arg","locations":[{"start":{"line":12,"column":10},"end":{"line":12,"column":null}}],"line":12},"1":{"loc":{"start":{"line":13,"column":2},"end":{"line":13,"column":null}},"type":"default-arg","locations":[{"start":{"line":13,"column":9},"end":{"line":13,"column":null}}],"line":13},"2":{"loc":{"start":{"line":14,"column":2},"end":{"line":14,"column":null}},"type":"default-arg","locations":[{"start":{"line":14,"column":16},"end":{"line":14,"column":null}}],"line":14},"3":{"loc":{"start":{"line":15,"column":2},"end":{"line":15,"column":null}},"type":"default-arg","locations":[{"start":{"line":15,"column":15},"end":{"line":15,"column":null}}],"line":15},"4":{"loc":{"start":{"line":16,"column":2},"end":{"line":16,"column":null}},"type":"default-arg","locations":[{"start":{"line":16,"column":9},"end":{"line":16,"column":null}}],"line":16},"5":{"loc":{"start":{"line":17,"column":2},"end":{"line":17,"column":null}},"type":"default-arg","locations":[{"start":{"line":17,"column":16},"end":{"line":17,"column":null}}],"line":17},"6":{"loc":{"start":{"line":18,"column":2},"end":{"line":18,"column":null}},"type":"default-arg","locations":[{"start":{"line":18,"column":15},"end":{"line":18,"column":null}}],"line":18},"7":{"loc":{"start":{"line":20,"column":2},"end":{"line":20,"column":null}},"type":"if","locations":[{"start":{"line":20,"column":2},"end":{"line":20,"column":null}},{"start":{},"end":{}}],"line":20},"8":{"loc":{"start":{"line":23,"column":4},"end":{"line":28,"column":null}},"type":"switch","locations":[{"start":{"line":24,"column":6},"end":{"line":24,"column":null}},{"start":{"line":25,"column":6},"end":{"line":25,"column":null}},{"start":{"line":26,"column":6},"end":{"line":26,"column":null}},{"start":{"line":27,"column":6},"end":{"line":27,"column":null}},{"start":{"line":28,"column":6},"end":{"line":28,"column":null}}],"line":23},"9":{"loc":{"start":{"line":51,"column":11},"end":{"line":56,"column":null}},"type":"binary-expr","locations":[{"start":{"line":51,"column":11},"end":{"line":51,"column":null}},{"start":{"line":52,"column":12},"end":{"line":56,"column":null}}],"line":51},"10":{"loc":{"start":{"line":56,"column":11},"end":{"line":59,"column":null}},"type":"binary-expr","locations":[{"start":{"line":56,"column":11},"end":{"line":56,"column":null}},{"start":{"line":57,"column":12},"end":{"line":59,"column":null}}],"line":56}},"s":{"0":1,"1":9,"2":1,"3":8,"4":8,"5":1,"6":0,"7":0,"8":7,"9":8,"10":2},"f":{"0":9,"1":8,"2":2},"b":{"0":[9],"1":[9],"2":[9],"3":[9],"4":[9],"5":[9],"6":[9],"7":[1,8],"8":[1,0,0,7,7],"9":[8,7],"10":[9,7]},"meta":{"lastBranch":11,"lastFunction":3,"lastStatement":11,"seen":{"s:8:6:63:Infinity":0,"f:8:6:8:22":0,"b:12:10:12:Infinity":0,"b:13:9:13:Infinity":1,"b:14:16:14:Infinity":2,"b:15:15:15:Infinity":3,"b:16:9:16:Infinity":4,"b:17:16:17:Infinity":5,"b:18:15:18:Infinity":6,"b:20:2:20:Infinity:undefined:undefined:undefined:undefined":7,"s:20:2:20:Infinity":1,"s:20:15:20:Infinity":2,"s:22:8:28:Infinity":3,"f:22:8:22:24":1,"b:24:6:24:Infinity:25:6:25:Infinity:26:6:26:Infinity:27:6:27:Infinity:28:6:28:Infinity":8,"s:23:4:28:Infinity":4,"s:24:19:24:Infinity":5,"s:25:19:25:Infinity":6,"s:26:18:26:Infinity":7,"s:28:15:28:Infinity":8,"s:32:2:63:Infinity":9,"f:36:8:36:18":2,"s:36:24:36:43":10,"b:51:11:51:Infinity:52:12:56:Infinity":9,"b:56:11:56:Infinity:57:12:59:Infinity":10}}}
,"/Users/ex/project/smallNfast/s4c-web/src/components/OnlineValueCard.jsx": {"path":"/Users/ex/project/smallNfast/s4c-web/src/components/OnlineValueCard.jsx","statementMap":{"0":{"start":{"line":3,"column":6},"end":{"line":44,"column":null}},"1":{"start":{"line":5,"column":23},"end":{"line":13,"column":null}},"2":{"start":{"line":15,"column":2},"end":{"line":44,"column":null}},"3":{"start":{"line":32,"column":10},"end":{"line":42,"column":null}}},"fnMap":{"0":{"name":"(anonymous_0)","decl":{"start":{"line":3,"column":6},"end":{"line":3,"column":25}},"loc":{"start":{"line":3,"column":81},"end":{"line":44,"column":null}},"line":3},"1":{"name":"(anonymous_1)","decl":{"start":{"line":31,"column":22},"end":{"line":31,"column":27}},"loc":{"start":{"line":32,"column":10},"end":{"line":42,"column":null}},"line":32}},"branchMap":{"0":{"loc":{"start":{"line":3,"column":27},"end":{"line":3,"column":64}},"type":"default-arg","locations":[{"start":{"line":3,"column":35},"end":{"line":3,"column":64}}],"line":3},"1":{"loc":{"start":{"line":3,"column":64},"end":{"line":3,"column":74}},"type":"default-arg","locations":[{"start":{"line":3,"column":72},"end":{"line":3,"column":74}}],"line":3},"2":{"loc":{"start":{"line":5,"column":23},"end":{"line":13,"column":null}},"type":"cond-expr","locations":[{"start":{"line":5,"column":42},"end":{"line":5,"column":50}},{"start":{"line":5,"column":50},"end":{"line":13,"column":null}}],"line":5},"3":{"loc":{"start":{"line":32,"column":106},"end":{"line":32,"column":172}},"type":"cond-expr","locations":[{"start":{"line":32,"column":142},"end":{"line":32,"column":151}},{"start":{"line":32,"column":151},"end":{"line":32,"column":172}}],"line":32}},"s":{"0":1,"1":5,"2":5,"3":26},"f":{"0":5,"1":26},"b":{"0":[5],"1":[5],"2":[2,3],"3":[5,21]},"meta":{"lastBranch":4,"lastFunction":2,"lastStatement":4,"seen":{"s:3:6:44:Infinity":0,"f:3:6:3:25":0,"b:3:35:3:64":0,"b:3:72:3:74":1,"s:5:23:13:Infinity":1,"b:5:42:5:50:5:50:13:Infinity":2,"s:15:2:44:Infinity":2,"f:31:22:31:27":1,"s:32:10:42:Infinity":3,"b:32:142:32:151:32:151:32:172":3}}}
,"/Users/ex/project/smallNfast/s4c-web/src/context/ConfigContext.jsx": {"path":"/Users/ex/project/smallNfast/s4c-web/src/context/ConfigContext.jsx","statementMap":{"0":{"start":{"line":4,"column":6},"end":{"line":4,"column":37}},"1":{"start":{"line":6,"column":13},"end":{"line":146,"column":null}},"2":{"start":{"line":8,"column":16},"end":{"line":36,"column":null}},"3":{"start":{"line":9,"column":18},"end":{"line":9,"column":66}},"4":{"start":{"line":10,"column":4},"end":{"line":18,"column":null}},"5":{"start":{"line":11,"column":6},"end":{"line":18,"column":null}},"6":{"start":{"line":12,"column":23},"end":{"line":12,"column":40}},"7":{"start":{"line":13,"column":8},"end":{"line":16,"column":null}},"8":{"start":{"line":18,"column":8},"end":{"line":18,"column":null}},"9":{"start":{"line":23,"column":19},"end":{"line":23,"column":58}},"10":{"start":{"line":24,"column":4},"end":{"line":32,"column":null}},"11":{"start":{"line":25,"column":6},"end":{"line":32,"column":null}},"12":{"start":{"line":26,"column":29},"end":{"line":26,"column":47}},"13":{"start":{"line":27,"column":25},"end":{"line":27,"column":null}},"14":{"start":{"line":28,"column":8},"end":{"line":31,"column":null}},"15":{"start":{"line":35,"column":4},"end":{"line":35,"column":null}},"16":{"start":{"line":39,"column":2},"end":{"line":60,"column":null}},"17":{"start":{"line":40,"column":20},"end":{"line":40,"column":null}},"18":{"start":{"line":41,"column":4},"end":{"line":57,"column":null}},"19":{"start":{"line":43,"column":8},"end":{"line":43,"column":null}},"20":{"start":{"line":43,"column":39},"end":{"line":43,"column":null}},"21":{"start":{"line":45,"column":8},"end":{"line":53,"column":null}},"22":{"start":{"line":46,"column":26},"end":{"line":51,"column":null}},"23":{"start":{"line":47,"column":12},"end":{"line":48,"column":null}},"24":{"start":{"line":48,"column":14},"end":{"line":48,"column":null}},"25":{"start":{"line":50,"column":12},"end":{"line":50,"column":null}},"26":{"start":{"line":52,"column":10},"end":{"line":52,"column":null}},"27":{"start":{"line":56,"column":8},"end":{"line":56,"column":null}},"28":{"start":{"line":59,"column":4},"end":{"line":59,"column":null}},"29":{"start":{"line":59,"column":19},"end":{"line":59,"column":null}},"30":{"start":{"line":63,"column":2},"end":{"line":84,"column":null}},"31":{"start":{"line":64,"column":4},"end":{"line":82,"column":null}},"32":{"start":{"line":66,"column":32},"end":{"line":69,"column":null}},"33":{"start":{"line":68,"column":67},"end":{"line":68,"column":null}},"34":{"start":{"line":70,"column":6},"end":{"line":70,"column":null}},"35":{"start":{"line":73,"column":6},"end":{"line":73,"column":null}},"36":{"start":{"line":76,"column":32},"end":{"line":76,"column":34}},"37":{"start":{"line":77,"column":6},"end":{"line":79,"column":null}},"38":{"start":{"line":78,"column":8},"end":{"line":78,"column":null}},"39":{"start":{"line":78,"column":26},"end":{"line":78,"column":null}},"40":{"start":{"line":80,"column":6},"end":{"line":82,"column":null}},"41":{"start":{"line":81,"column":8},"end":{"line":81,"column":82}},"42":{"start":{"line":87,"column":8},"end":{"line":89,"column":46}},"43":{"start":{"line":88,"column":4},"end":{"line":88,"column":null}},"44":{"start":{"line":88,"column":38},"end":{"line":88,"column":68}},"45":{"start":{"line":92,"column":8},"end":{"line":107,"column":null}},"46":{"start":{"line":93,"column":4},"end":{"line":107,"column":null}},"47":{"start":{"line":94,"column":6},"end":{"line":100,"column":null}},"48":{"start":{"line":96,"column":22},"end":{"line":96,"column":null}},"49":{"start":{"line":97,"column":8},"end":{"line":100,"column":null}},"50":{"start":{"line":103,"column":22},"end":{"line":104,"column":null}},"51":{"start":{"line":104,"column":8},"end":{"line":104,"column":null}},"52":{"start":{"line":106,"column":6},"end":{"line":106,"column":null}},"53":{"start":{"line":110,"column":8},"end":{"line":110,"column":89}},"54":{"start":{"line":110,"column":37},"end":{"line":110,"column":89}},"55":{"start":{"line":110,"column":55},"end":{"line":110,"column":89}},"56":{"start":{"line":111,"column":8},"end":{"line":111,"column":87}},"57":{"start":{"line":111,"column":36},"end":{"line":111,"column":87}},"58":{"start":{"line":111,"column":54},"end":{"line":111,"column":87}},"59":{"start":{"line":113,"column":8},"end":{"line":121,"column":null}},"60":{"start":{"line":114,"column":4},"end":{"line":121,"column":null}},"61":{"start":{"line":115,"column":22},"end":{"line":115,"column":62}},"62":{"start":{"line":115,"column":50},"end":{"line":115,"column":62}},"63":{"start":{"line":116,"column":23},"end":{"line":116,"column":null}},"64":{"start":{"line":117,"column":6},"end":{"line":118,"column":null}},"65":{"start":{"line":118,"column":8},"end":{"line":118,"column":null}},"66":{"start":{"line":120,"column":6},"end":{"line":120,"column":null}},"67":{"start":{"line":124,"column":8},"end":{"line":131,"column":null}},"68":{"start":{"line":125,"column":18},"end":{"line":125,"column":null}},"69":{"start":{"line":126,"column":17},"end":{"line":126,"column":null}},"70":{"start":{"line":127,"column":4},"end":{"line":130,"column":null}},"71":{"start":{"line":127,"column":22},"end":{"line":130,"column":7}},"72":{"start":{"line":131,"column":4},"end":{"line":131,"column":null}},"73":{"start":{"line":134,"column":2},"end":{"line":146,"column":null}},"74":{"start":{"line":150,"column":13},"end":{"line":150,"column":56}}},"fnMap":{"0":{"name":"(anonymous_0)","decl":{"start":{"line":6,"column":13},"end":{"line":6,"column":31}},"loc":{"start":{"line":6,"column":48},"end":{"line":146,"column":null}},"line":6},"1":{"name":"(anonymous_1)","decl":{"start":{"line":8,"column":28},"end":{"line":8,"column":43}},"loc":{"start":{"line":8,"column":43},"end":{"line":36,"column":null}},"line":8},"2":{"name":"(anonymous_2)","decl":{"start":{"line":39,"column":2},"end":{"line":39,"column":18}},"loc":{"start":{"line":39,"column":18},"end":{"line":60,"column":7}},"line":39},"3":{"name":"(anonymous_3)","decl":{"start":{"line":42,"column":7},"end":{"line":42,"column":13}},"loc":{"start":{"line":42,"column":29},"end":{"line":54,"column":null}},"line":42},"4":{"name":"(anonymous_4)","decl":{"start":{"line":45,"column":8},"end":{"line":45,"column":17}},"loc":{"start":{"line":45,"column":25},"end":{"line":53,"column":null}},"line":45},"5":{"name":"(anonymous_5)","decl":{"start":{"line":46,"column":42},"end":{"line":46,"column":46}},"loc":{"start":{"line":46,"column":54},"end":{"line":51,"column":null}},"line":46},"6":{"name":"(anonymous_6)","decl":{"start":{"line":55,"column":7},"end":{"line":55,"column":14}},"loc":{"start":{"line":55,"column":22},"end":{"line":57,"column":null}},"line":55},"7":{"name":"(anonymous_7)","decl":{"start":{"line":59,"column":4},"end":{"line":59,"column":17}},"loc":{"start":{"line":59,"column":17},"end":{"line":59,"column":null}},"line":59},"8":{"name":"(anonymous_8)","decl":{"start":{"line":63,"column":2},"end":{"line":63,"column":18}},"loc":{"start":{"line":63,"column":18},"end":{"line":84,"column":6}},"line":63},"9":{"name":"(anonymous_9)","decl":{"start":{"line":68,"column":37},"end":{"line":68,"column":42}},"loc":{"start":{"line":68,"column":67},"end":{"line":68,"column":null}},"line":68},"10":{"name":"(anonymous_10)","decl":{"start":{"line":77,"column":23},"end":{"line":77,"column":31}},"loc":{"start":{"line":77,"column":39},"end":{"line":79,"column":null}},"line":77},"11":{"name":"(anonymous_11)","decl":{"start":{"line":80,"column":37},"end":{"line":80,"column":44}},"loc":{"start":{"line":81,"column":8},"end":{"line":81,"column":82}},"line":81},"12":{"name":"(anonymous_12)","decl":{"start":{"line":87,"column":21},"end":{"line":87,"column":35}},"loc":{"start":{"line":87,"column":35},"end":{"line":89,"column":6}},"line":87},"13":{"name":"(anonymous_13)","decl":{"start":{"line":88,"column":28},"end":{"line":88,"column":33}},"loc":{"start":{"line":88,"column":38},"end":{"line":88,"column":68}},"line":88},"14":{"name":"(anonymous_14)","decl":{"start":{"line":92,"column":8},"end":{"line":92,"column":25}},"loc":{"start":{"line":92,"column":37},"end":{"line":107,"column":null}},"line":92},"15":{"name":"(anonymous_15)","decl":{"start":{"line":93,"column":4},"end":{"line":93,"column":13}},"loc":{"start":{"line":93,"column":21},"end":{"line":107,"column":null}},"line":93},"16":{"name":"(anonymous_16)","decl":{"start":{"line":103,"column":38},"end":{"line":103,"column":42}},"loc":{"start":{"line":104,"column":8},"end":{"line":104,"column":null}},"line":104},"17":{"name":"(anonymous_17)","decl":{"start":{"line":110,"column":8},"end":{"line":110,"column":25}},"loc":{"start":{"line":110,"column":37},"end":{"line":110,"column":89}},"line":110},"18":{"name":"(anonymous_18)","decl":{"start":{"line":110,"column":37},"end":{"line":110,"column":46}},"loc":{"start":{"line":110,"column":55},"end":{"line":110,"column":89}},"line":110},"19":{"name":"(anonymous_19)","decl":{"start":{"line":111,"column":8},"end":{"line":111,"column":29}},"loc":{"start":{"line":111,"column":36},"end":{"line":111,"column":87}},"line":111},"20":{"name":"(anonymous_20)","decl":{"start":{"line":111,"column":36},"end":{"line":111,"column":45}},"loc":{"start":{"line":111,"column":54},"end":{"line":111,"column":87}},"line":111},"21":{"name":"(anonymous_21)","decl":{"start":{"line":113,"column":8},"end":{"line":113,"column":24}},"loc":{"start":{"line":113,"column":31},"end":{"line":121,"column":null}},"line":113},"22":{"name":"(anonymous_22)","decl":{"start":{"line":114,"column":4},"end":{"line":114,"column":13}},"loc":{"start":{"line":114,"column":21},"end":{"line":121,"column":null}},"line":114},"23":{"name":"(anonymous_23)","decl":{"start":{"line":115,"column":38},"end":{"line":115,"column":45}},"loc":{"start":{"line":115,"column":50},"end":{"line":115,"column":62}},"line":115},"24":{"name":"(anonymous_24)","decl":{"start":{"line":124,"column":8},"end":{"line":124,"column":21}},"loc":{"start":{"line":124,"column":32},"end":{"line":131,"column":null}},"line":124},"25":{"name":"(anonymous_25)","decl":{"start":{"line":127,"column":4},"end":{"line":127,"column":13}},"loc":{"start":{"line":127,"column":22},"end":{"line":130,"column":7}},"line":127},"26":{"name":"(anonymous_26)","decl":{"start":{"line":150,"column":13},"end":{"line":150,"column":31}},"loc":{"start":{"line":150,"column":13},"end":{"line":150,"column":56}},"line":150}},"branchMap":{"0":{"loc":{"start":{"line":10,"column":4},"end":{"line":18,"column":null}},"type":"if","locations":[{"start":{"line":10,"column":4},"end":{"line":18,"column":null}},{"start":{},"end":{}}],"line":10},"1":{"loc":{"start":{"line":14,"column":26},"end":{"line":14,"column":null}},"type":"binary-expr","locations":[{"start":{"line":14,"column":26},"end":{"line":14,"column":51}},{"start":{"line":14,"column":51},"end":{"line":14,"column":null}}],"line":14},"2":{"loc":{"start":{"line":15,"column":22},"end":{"line":15,"column":null}},"type":"binary-expr","locations":[{"start":{"line":15,"column":22},"end":{"line":15,"column":43}},{"start":{"line":15,"column":43},"end":{"line":15,"column":null}}],"line":15},"3":{"loc":{"start":{"line":24,"column":4},"end":{"line":32,"column":null}},"type":"if","locations":[{"start":{"line":24,"column":4},"end":{"line":32,"column":null}},{"start":{},"end":{}}],"line":24},"4":{"loc":{"start":{"line":43,"column":8},"end":{"line":43,"column":null}},"type":"if","locations":[{"start":{"line":43,"column":8},"end":{"line":43,"column":null}},{"start":{},"end":{}}],"line":43},"5":{"loc":{"start":{"line":43,"column":12},"end":{"line":43,"column":39}},"type":"binary-expr","locations":[{"start":{"line":43,"column":12},"end":{"line":43,"column":25}},{"start":{"line":43,"column":25},"end":{"line":43,"column":39}}],"line":43},"6":{"loc":{"start":{"line":47,"column":12},"end":{"line":48,"column":null}},"type":"if","locations":[{"start":{"line":47,"column":12},"end":{"line":48,"column":null}},{"start":{},"end":{}}],"line":47},"7":{"loc":{"start":{"line":64,"column":4},"end":{"line":82,"column":null}},"type":"if","locations":[{"start":{"line":64,"column":4},"end":{"line":82,"column":null}},{"start":{},"end":{}}],"line":64},"8":{"loc":{"start":{"line":78,"column":8},"end":{"line":78,"column":null}},"type":"if","locations":[{"start":{"line":78,"column":8},"end":{"line":78,"column":null}},{"start":{},"end":{}}],"line":78},"9":{"loc":{"start":{"line":88,"column":11},"end":{"line":88,"column":null}},"type":"binary-expr","locations":[{"start":{"line":88,"column":11},"end":{"line":88,"column":68}},{"start":{"line":88,"column":72},"end":{"line":88,"column":null}}],"line":88},"10":{"loc":{"start":{"line":94,"column":6},"end":{"line":100,"column":null}},"type":"if","locations":[{"start":{"line":94,"column":6},"end":{"line":100,"column":null}},{"start":{},"end":{}}],"line":94},"11":{"loc":{"start":{"line":104,"column":8},"end":{"line":104,"column":null}},"type":"cond-expr","locations":[{"start":{"line":104,"column":39},"end":{"line":104,"column":66}},{"start":{"line":104,"column":66},"end":{"line":104,"column":null}}],"line":104},"12":{"loc":{"start":{"line":117,"column":6},"end":{"line":118,"column":null}},"type":"if","locations":[{"start":{"line":117,"column":6},"end":{"line":118,"column":null}},{"start":{},"end":{}}],"line":117},"13":{"loc":{"start":{"line":118,"column":21},"end":{"line":118,"column":null}},"type":"cond-expr","locations":[{"start":{"line":118,"column":42},"end":{"line":118,"column":58}},{"start":{"line":118,"column":58},"end":{"line":118,"column":null}}],"line":118}},"s":{"0":1,"1":1,"2":35,"3":11,"4":11,"5":1,"6":1,"7":1,"8":0,"9":10,"10":10,"11":1,"12":1,"13":1,"14":1,"15":9,"16":35,"17":11,"18":11,"19":11,"20":0,"21":11,"22":11,"23":2,"24":0,"25":2,"26":11,"27":0,"28":11,"29":11,"30":35,"31":34,"32":34,"33":15,"34":34,"35":34,"36":34,"37":34,"38":15,"39":0,"40":34,"41":0,"42":35,"43":34,"44":15,"45":35,"46":2,"47":2,"48":1,"49":1,"50":1,"51":1,"52":1,"53":35,"54":1,"55":1,"56":35,"57":1,"58":1,"59":35,"60":2,"61":2,"62":2,"63":2,"64":2,"65":2,"66":2,"67":35,"68":7,"69":7,"70":7,"71":7,"72":7,"73":35,"74":34},"f":{"0":35,"1":11,"2":11,"3":11,"4":11,"5":2,"6":0,"7":11,"8":34,"9":15,"10":15,"11":0,"12":34,"13":15,"14":2,"15":2,"16":1,"17":1,"18":1,"19":1,"20":1,"21":2,"22":2,"23":2,"24":7,"25":7,"26":34},"b":{"0":[1,10],"1":[1,0],"2":[1,0],"3":[1,9],"4":[0,11],"5":[11,11],"6":[0,2],"7":[34,0],"8":[0,15],"9":[34,21],"10":[1,1],"11":[1,0],"12":[2,0],"13":[0,2]},"meta":{"lastBranch":14,"lastFunction":27,"lastStatement":75,"seen":{"s:4:6:4:37":0,"s:6:13:146:Infinity":1,"f:6:13:6:31":0,"s:8:16:36:Infinity":2,"f:8:28:8:43":1,"s:9:18:9:66":3,"b:10:4:18:Infinity:undefined:undefined:undefined:undefined":0,"s:10:4:18:Infinity":4,"s:11:6:18:Infinity":5,"s:12:23:12:40":6,"s:13:8:16:Infinity":7,"b:14:26:14:51:14:51:14:Infinity":1,"b:15:22:15:43:15:43:15:Infinity":2,"s:18:8:18:Infinity":8,"s:23:19:23:58":9,"b:24:4:32:Infinity:undefined:undefined:undefined:undefined":3,"s:24:4:32:Infinity":10,"s:25:6:32:Infinity":11,"s:26:29:26:47":12,"s:27:25:27:Infinity":13,"s:28:8:31:Infinity":14,"s:35:4:35:Infinity":15,"s:39:2:60:Infinity":16,"f:39:2:39:18":2,"s:40:20:40:Infinity":17,"s:41:4:57:Infinity":18,"f:42:7:42:13":3,"b:43:8:43:Infinity:undefined:undefined:undefined:undefined":4,"s:43:8:43:Infinity":19,"b:43:12:43:25:43:25:43:39":5,"s:43:39:43:Infinity":20,"s:45:8:53:Infinity":21,"f:45:8:45:17":4,"s:46:26:51:Infinity":22,"f:46:42:46:46":5,"b:47:12:48:Infinity:undefined:undefined:undefined:undefined":6,"s:47:12:48:Infinity":23,"s:48:14:48:Infinity":24,"s:50:12:50:Infinity":25,"s:52:10:52:Infinity":26,"f:55:7:55:14":6,"s:56:8:56:Infinity":27,"s:59:4:59:Infinity":28,"f:59:4:59:17":7,"s:59:19:59:Infinity":29,"s:63:2:84:Infinity":30,"f:63:2:63:18":8,"b:64:4:82:Infinity:undefined:undefined:undefined:undefined":7,"s:64:4:82:Infinity":31,"s:66:32:69:Infinity":32,"f:68:37:68:42":9,"s:68:67:68:Infinity":33,"s:70:6:70:Infinity":34,"s:73:6:73:Infinity":35,"s:76:32:76:34":36,"s:77:6:79:Infinity":37,"f:77:23:77:31":10,"b:78:8:78:Infinity:undefined:undefined:undefined:undefined":8,"s:78:8:78:Infinity":38,"s:78:26:78:Infinity":39,"s:80:6:82:Infinity":40,"f:80:37:80:44":11,"s:81:8:81:82":41,"s:87:8:89:46":42,"f:87:21:87:35":12,"s:88:4:88:Infinity":43,"b:88:11:88:68:88:72:88:Infinity":9,"f:88:28:88:33":13,"s:88:38:88:68":44,"s:92:8:107:Infinity":45,"f:92:8:92:25":14,"s:93:4:107:Infinity":46,"f:93:4:93:13":15,"b:94:6:100:Infinity:undefined:undefined:undefined:undefined":10,"s:94:6:100:Infinity":47,"s:96:22:96:Infinity":48,"s:97:8:100:Infinity":49,"s:103:22:104:Infinity":50,"f:103:38:103:42":16,"s:104:8:104:Infinity":51,"b:104:39:104:66:104:66:104:Infinity":11,"s:106:6:106:Infinity":52,"s:110:8:110:89":53,"f:110:8:110:25":17,"s:110:37:110:89":54,"f:110:37:110:46":18,"s:110:55:110:89":55,"s:111:8:111:87":56,"f:111:8:111:29":19,"s:111:36:111:87":57,"f:111:36:111:45":20,"s:111:54:111:87":58,"s:113:8:121:Infinity":59,"f:113:8:113:24":21,"s:114:4:121:Infinity":60,"f:114:4:114:13":22,"s:115:22:115:62":61,"f:115:38:115:45":23,"s:115:50:115:62":62,"s:116:23:116:Infinity":63,"b:117:6:118:Infinity:undefined:undefined:undefined:undefined":12,"s:117:6:118:Infinity":64,"s:118:8:118:Infinity":65,"b:118:42:118:58:118:58:118:Infinity":13,"s:120:6:120:Infinity":66,"s:124:8:131:Infinity":67,"f:124:8:124:21":24,"s:125:18:125:Infinity":68,"s:126:17:126:Infinity":69,"s:127:4:130:Infinity":70,"f:127:4:127:13":25,"s:127:22:130:7":71,"s:131:4:131:Infinity":72,"s:134:2:146:Infinity":73,"s:150:13:150:56":74,"f:150:13:150:31":26}}}
,"/Users/ex/project/smallNfast/s4c-web/src/util/alarmDbUtils.js": {"path":"/Users/ex/project/smallNfast/s4c-web/src/util/alarmDbUtils.js","statementMap":{"0":{"start":{"line":11,"column":11},"end":{"line":11,"column":15}},"1":{"start":{"line":18,"column":2},"end":{"line":22,"column":null}},"2":{"start":{"line":19,"column":4},"end":{"line":21,"column":null}},"3":{"start":{"line":20,"column":24},"end":{"line":20,"column":40}},"4":{"start":{"line":23,"column":2},"end":{"line":23,"column":null}},"5":{"start":{"line":30,"column":2},"end":{"line":32,"column":null}},"6":{"start":{"line":31,"column":4},"end":{"line":31,"column":null}},"7":{"start":{"line":31,"column":48},"end":{"line":31,"column":null}},"8":{"start":{"line":33,"column":2},"end":{"line":33,"column":null}},"9":{"start":{"line":44,"column":2},"end":{"line":44,"column":null}},"10":{"start":{"line":44,"column":16},"end":{"line":44,"column":null}},"11":{"start":{"line":45,"column":14},"end":{"line":45,"column":37}},"12":{"start":{"line":46,"column":2},"end":{"line":49,"column":null}},"13":{"start":{"line":47,"column":4},"end":{"line":47,"column":null}},"14":{"start":{"line":48,"column":4},"end":{"line":48,"column":null}},"15":{"start":{"line":51,"column":14},"end":{"line":51,"column":30}},"16":{"start":{"line":52,"column":16},"end":{"line":52,"column":32}},"17":{"start":{"line":53,"column":13},"end":{"line":53,"column":36}},"18":{"start":{"line":54,"column":2},"end":{"line":54,"column":null}},"19":{"start":{"line":65,"column":14},"end":{"line":91,"column":3}},"20":{"start":{"line":93,"column":2},"end":{"line":104,"column":null}},"21":{"start":{"line":94,"column":17},"end":{"line":94,"column":32}},"22":{"start":{"line":95,"column":17},"end":{"line":95,"column":19}},"23":{"start":{"line":96,"column":4},"end":{"line":98,"column":null}},"24":{"start":{"line":97,"column":6},"end":{"line":97,"column":null}},"25":{"start":{"line":99,"column":4},"end":{"line":99,"column":null}},"26":{"start":{"line":100,"column":4},"end":{"line":100,"column":null}},"27":{"start":{"line":102,"column":4},"end":{"line":102,"column":null}},"28":{"start":{"line":103,"column":4},"end":{"line":103,"column":null}},"29":{"start":{"line":116,"column":14},"end":{"line":116,"column":73}},"30":{"start":{"line":117,"column":14},"end":{"line":126,"column":3}},"31":{"start":{"line":127,"column":2},"end":{"line":139,"column":null}},"32":{"start":{"line":141,"column":2},"end":{"line":141,"column":null}},"33":{"start":{"line":152,"column":14},"end":{"line":152,"column":73}},"34":{"start":{"line":153,"column":18},"end":{"line":157,"column":3}},"35":{"start":{"line":158,"column":15},"end":{"line":161,"column":15}},"36":{"start":{"line":159,"column":17},"end":{"line":159,"column":28}},"37":{"start":{"line":160,"column":14},"end":{"line":160,"column":28}},"38":{"start":{"line":163,"column":2},"end":{"line":163,"column":null}},"39":{"start":{"line":163,"column":13},"end":{"line":163,"column":null}},"40":{"start":{"line":165,"column":17},"end":{"line":165,"column":64}},"41":{"start":{"line":166,"column":2},"end":{"line":166,"column":null}},"42":{"start":{"line":166,"column":22},"end":{"line":166,"column":33}},"43":{"start":{"line":166,"column":50},"end":{"line":166,"column":78}},"44":{"start":{"line":168,"column":2},"end":{"line":171,"column":null}},"45":{"start":{"line":181,"column":14},"end":{"line":181,"column":73}},"46":{"start":{"line":182,"column":2},"end":{"line":185,"column":null}},"47":{"start":{"line":198,"column":17},"end":{"line":200,"column":3}},"48":{"start":{"line":201,"column":2},"end":{"line":208,"column":null}},"49":{"start":{"line":202,"column":16},"end":{"line":202,"column":75}},"50":{"start":{"line":203,"column":4},"end":{"line":207,"column":null}},"51":{"start":{"line":223,"column":17},"end":{"line":225,"column":3}},"52":{"start":{"line":226,"column":2},"end":{"line":240,"column":null}},"53":{"start":{"line":227,"column":16},"end":{"line":227,"column":75}},"54":{"start":{"line":228,"column":4},"end":{"line":239,"column":null}},"55":{"start":{"line":252,"column":15},"end":{"line":252,"column":26}},"56":{"start":{"line":253,"column":2},"end":{"line":253,"column":null}}},"fnMap":{"0":{"name":"getSqlJs","decl":{"start":{"line":17,"column":15},"end":{"line":17,"column":23}},"loc":{"start":{"line":17,"column":26},"end":{"line":24,"column":null}},"line":17},"1":{"name":"(anonymous_1)","decl":{"start":{"line":20,"column":18},"end":{"line":20,"column":19}},"loc":{"start":{"line":20,"column":24},"end":{"line":20,"column":40}},"line":20},"2":{"name":"findAlarmDbKey","decl":{"start":{"line":29,"column":9},"end":{"line":29,"column":23}},"loc":{"start":{"line":29,"column":33},"end":{"line":34,"column":null}},"line":29},"3":{"name":"openAlarmDb","decl":{"start":{"line":43,"column":22},"end":{"line":43,"column":33}},"loc":{"start":{"line":43,"column":43},"end":{"line":55,"column":null}},"line":43},"4":{"name":"readAlarmConfigs","decl":{"start":{"line":64,"column":16},"end":{"line":64,"column":32}},"loc":{"start":{"line":64,"column":37},"end":{"line":105,"column":null}},"line":64},"5":{"name":"insertAlarmConfig","decl":{"start":{"line":115,"column":16},"end":{"line":115,"column":33}},"loc":{"start":{"line":115,"column":45},"end":{"line":142,"column":null}},"line":115},"6":{"name":"updateAlarmConfig","decl":{"start":{"line":151,"column":16},"end":{"line":151,"column":33}},"loc":{"start":{"line":151,"column":56},"end":{"line":172,"column":null}},"line":151},"7":{"name":"(anonymous_7)","decl":{"start":{"line":159,"column":12},"end":{"line":159,"column":13}},"loc":{"start":{"line":159,"column":17},"end":{"line":159,"column":28}},"line":159},"8":{"name":"(anonymous_8)","decl":{"start":{"line":160,"column":9},"end":{"line":160,"column":10}},"loc":{"start":{"line":160,"column":14},"end":{"line":160,"column":28}},"line":160},"9":{"name":"(anonymous_9)","decl":{"start":{"line":166,"column":17},"end":{"line":166,"column":18}},"loc":{"start":{"line":166,"column":22},"end":{"line":166,"column":33}},"line":166},"10":{"name":"(anonymous_10)","decl":{"start":{"line":166,"column":43},"end":{"line":166,"column":44}},"loc":{"start":{"line":166,"column":48},"end":{"line":166,"column":80}},"line":166},"11":{"name":"deleteAlarmConfig","decl":{"start":{"line":180,"column":16},"end":{"line":180,"column":33}},"loc":{"start":{"line":180,"column":48},"end":{"line":186,"column":null}},"line":180},"12":{"name":"ensureSensorExists","decl":{"start":{"line":197,"column":16},"end":{"line":197,"column":34}},"loc":{"start":{"line":197,"column":61},"end":{"line":209,"column":null}},"line":197},"13":{"name":"ensureChannelExists","decl":{"start":{"line":222,"column":16},"end":{"line":222,"column":35}},"loc":{"start":{"line":222,"column":87},"end":{"line":241,"column":null}},"line":222},"14":{"name":"flushAlarmDb","decl":{"start":{"line":251,"column":16},"end":{"line":251,"column":28}},"loc":{"start":{"line":251,"column":47},"end":{"line":254,"column":null}},"line":251}},"branchMap":{"0":{"loc":{"start":{"line":18,"column":2},"end":{"line":22,"column":null}},"type":"if","locations":[{"start":{"line":18,"column":2},"end":{"line":22,"column":null}},{"start":{},"end":{}}],"line":18},"1":{"loc":{"start":{"line":31,"column":4},"end":{"line":31,"column":null}},"type":"if","locations":[{"start":{"line":31,"column":4},"end":{"line":31,"column":null}},{"start":{},"end":{}}],"line":31},"2":{"loc":{"start":{"line":44,"column":2},"end":{"line":44,"column":null}},"type":"if","locations":[{"start":{"line":44,"column":2},"end":{"line":44,"column":null}},{"start":{},"end":{}}],"line":44},"3":{"loc":{"start":{"line":46,"column":2},"end":{"line":49,"column":null}},"type":"if","locations":[{"start":{"line":46,"column":2},"end":{"line":49,"column":null}},{"start":{},"end":{}}],"line":46},"4":{"loc":{"start":{"line":130,"column":28},"end":{"line":130,"column":58}},"type":"binary-expr","locations":[{"start":{"line":130,"column":28},"end":{"line":130,"column":51}},{"start":{"line":130,"column":56},"end":{"line":130,"column":58}}],"line":130},"5":{"loc":{"start":{"line":131,"column":28},"end":{"line":131,"column":59}},"type":"binary-expr","locations":[{"start":{"line":131,"column":28},"end":{"line":131,"column":42}},{"start":{"line":131,"column":57},"end":{"line":131,"column":59}}],"line":131},"6":{"loc":{"start":{"line":132,"column":28},"end":{"line":132,"column":58}},"type":"binary-expr","locations":[{"start":{"line":132,"column":28},"end":{"line":132,"column":43}},{"start":{"line":132,"column":57},"end":{"line":132,"column":58}}],"line":132},"7":{"loc":{"start":{"line":133,"column":28},"end":{"line":133,"column":58}},"type":"binary-expr","locations":[{"start":{"line":133,"column":28},"end":{"line":133,"column":44}},{"start":{"line":133,"column":57},"end":{"line":133,"column":58}}],"line":133},"8":{"loc":{"start":{"line":134,"column":28},"end":{"line":134,"column":61}},"type":"binary-expr","locations":[{"start":{"line":134,"column":28},"end":{"line":134,"column":43}},{"start":{"line":134,"column":57},"end":{"line":134,"column":61}}],"line":134},"9":{"loc":{"start":{"line":135,"column":28},"end":{"line":135,"column":58}},"type":"binary-expr","locations":[{"start":{"line":135,"column":28},"end":{"line":135,"column":39}},{"start":{"line":135,"column":57},"end":{"line":135,"column":58}}],"line":135},"10":{"loc":{"start":{"line":136,"column":28},"end":{"line":136,"column":58}},"type":"binary-expr","locations":[{"start":{"line":136,"column":28},"end":{"line":136,"column":42}},{"start":{"line":136,"column":57},"end":{"line":136,"column":58}}],"line":136},"11":{"loc":{"start":{"line":137,"column":28},"end":{"line":137,"column":58}},"type":"binary-expr","locations":[{"start":{"line":137,"column":28},"end":{"line":137,"column":44}},{"start":{"line":137,"column":57},"end":{"line":137,"column":58}}],"line":137},"12":{"loc":{"start":{"line":163,"column":2},"end":{"line":163,"column":null}},"type":"if","locations":[{"start":{"line":163,"column":2},"end":{"line":163,"column":null}},{"start":{},"end":{}}],"line":163},"13":{"loc":{"start":{"line":201,"column":2},"end":{"line":208,"column":null}},"type":"if","locations":[{"start":{"line":201,"column":2},"end":{"line":208,"column":null}},{"start":{},"end":{}}],"line":201},"14":{"loc":{"start":{"line":201,"column":6},"end":{"line":201,"column":48}},"type":"binary-expr","locations":[{"start":{"line":201,"column":6},"end":{"line":201,"column":20}},{"start":{"line":201,"column":24},"end":{"line":201,"column":48}}],"line":201},"15":{"loc":{"start":{"line":226,"column":2},"end":{"line":240,"column":null}},"type":"if","locations":[{"start":{"line":226,"column":2},"end":{"line":240,"column":null}},{"start":{},"end":{}}],"line":226},"16":{"loc":{"start":{"line":226,"column":6},"end":{"line":226,"column":48}},"type":"binary-expr","locations":[{"start":{"line":226,"column":6},"end":{"line":226,"column":20}},{"start":{"line":226,"column":24},"end":{"line":226,"column":48}}],"line":226}},"s":{"0":1,"1":0,"2":0,"3":0,"4":0,"5":0,"6":0,"7":0,"8":0,"9":0,"10":0,"11":0,"12":0,"13":0,"14":0,"15":0,"16":0,"17":0,"18":0,"19":2,"20":2,"21":2,"22":2,"23":2,"24":2,"25":1,"26":1,"27":1,"28":1,"29":2,"30":2,"31":2,"32":2,"33":2,"34":2,"35":2,"36":18,"37":2,"38":2,"39":1,"40":1,"41":1,"42":9,"43":2,"44":1,"45":1,"46":1,"47":2,"48":2,"49":1,"50":1,"51":2,"52":2,"53":1,"54":1,"55":1,"56":1},"f":{"0":0,"1":0,"2":0,"3":0,"4":2,"5":2,"6":2,"7":18,"8":2,"9":9,"10":2,"11":1,"12":2,"13":2,"14":1},"b":{"0":[0,0],"1":[0,0],"2":[0,0],"3":[0,0],"4":[2,2],"5":[2,2],"6":[2,2],"7":[2,2],"8":[2,2],"9":[2,2],"10":[2,2],"11":[2,2],"12":[1,1],"13":[1,1],"14":[2,1],"15":[1,1],"16":[2,1]},"meta":{"lastBranch":17,"lastFunction":15,"lastStatement":57,"seen":{"s:11:11:11:15":0,"f:17:15:17:23":0,"b:18:2:22:Infinity:undefined:undefined:undefined:undefined":0,"s:18:2:22:Infinity":1,"s:19:4:21:Infinity":2,"f:20:18:20:19":1,"s:20:24:20:40":3,"s:23:2:23:Infinity":4,"f:29:9:29:23":2,"s:30:2:32:Infinity":5,"b:31:4:31:Infinity:undefined:undefined:undefined:undefined":1,"s:31:4:31:Infinity":6,"s:31:48:31:Infinity":7,"s:33:2:33:Infinity":8,"f:43:22:43:33":3,"b:44:2:44:Infinity:undefined:undefined:undefined:undefined":2,"s:44:2:44:Infinity":9,"s:44:16:44:Infinity":10,"s:45:14:45:37":11,"b:46:2:49:Infinity:undefined:undefined:undefined:undefined":3,"s:46:2:49:Infinity":12,"s:47:4:47:Infinity":13,"s:48:4:48:Infinity":14,"s:51:14:51:30":15,"s:52:16:52:32":16,"s:53:13:53:36":17,"s:54:2:54:Infinity":18,"f:64:16:64:32":4,"s:65:14:91:3":19,"s:93:2:104:Infinity":20,"s:94:17:94:32":21,"s:95:17:95:19":22,"s:96:4:98:Infinity":23,"s:97:6:97:Infinity":24,"s:99:4:99:Infinity":25,"s:100:4:100:Infinity":26,"s:102:4:102:Infinity":27,"s:103:4:103:Infinity":28,"f:115:16:115:33":5,"s:116:14:116:73":29,"s:117:14:126:3":30,"s:127:2:139:Infinity":31,"b:130:28:130:51:130:56:130:58":4,"b:131:28:131:42:131:57:131:59":5,"b:132:28:132:43:132:57:132:58":6,"b:133:28:133:44:133:57:133:58":7,"b:134:28:134:43:134:57:134:61":8,"b:135:28:135:39:135:57:135:58":9,"b:136:28:136:42:136:57:136:58":10,"b:137:28:137:44:137:57:137:58":11,"s:141:2:141:Infinity":32,"f:151:16:151:33":6,"s:152:14:152:73":33,"s:153:18:157:3":34,"s:158:15:161:15":35,"f:159:12:159:13":7,"s:159:17:159:28":36,"f:160:9:160:10":8,"s:160:14:160:28":37,"b:163:2:163:Infinity:undefined:undefined:undefined:undefined":12,"s:163:2:163:Infinity":38,"s:163:13:163:Infinity":39,"s:165:17:165:64":40,"s:166:2:166:Infinity":41,"f:166:17:166:18":9,"s:166:22:166:33":42,"f:166:43:166:44":10,"s:166:50:166:78":43,"s:168:2:171:Infinity":44,"f:180:16:180:33":11,"s:181:14:181:73":45,"s:182:2:185:Infinity":46,"f:197:16:197:34":12,"s:198:17:200:3":47,"b:201:2:208:Infinity:undefined:undefined:undefined:undefined":13,"s:201:2:208:Infinity":48,"b:201:6:201:20:201:24:201:48":14,"s:202:16:202:75":49,"s:203:4:207:Infinity":50,"f:222:16:222:35":13,"s:223:17:225:3":51,"b:226:2:240:Infinity:undefined:undefined:undefined:undefined":15,"s:226:2:240:Infinity":52,"b:226:6:226:20:226:24:226:48":16,"s:227:16:227:75":53,"s:228:4:239:Infinity":54,"f:251:16:251:28":14,"s:252:15:252:26":55,"s:253:2:253:Infinity":56}}}
,"/Users/ex/project/smallNfast/s4c-web/src/util/configFileUtils.js": {"path":"/Users/ex/project/smallNfast/s4c-web/src/util/configFileUtils.js","statementMap":{"0":{"start":{"line":5,"column":24},"end":{"line":5,"column":38}},"1":{"start":{"line":19,"column":22},"end":{"line":22,"column":11}},"2":{"start":{"line":21,"column":20},"end":{"line":21,"column":80}},"3":{"start":{"line":24,"column":16},"end":{"line":24,"column":30}},"4":{"start":{"line":26,"column":2},"end":{"line":32,"column":null}},"5":{"start":{"line":27,"column":20},"end":{"line":27,"column":37}},"6":{"start":{"line":29,"column":20},"end":{"line":29,"column":61}},"7":{"start":{"line":31,"column":4},"end":{"line":31,"column":null}},"8":{"start":{"line":34,"column":2},"end":{"line":34,"column":null}},"9":{"start":{"line":44,"column":17},"end":{"line":44,"column":91}},"10":{"start":{"line":45,"column":18},"end":{"line":45,"column":43}},"11":{"start":{"line":46,"column":18},"end":{"line":46,"column":27}},"12":{"start":{"line":48,"column":2},"end":{"line":53,"column":null}},"13":{"start":{"line":49,"column":4},"end":{"line":52,"column":null}},"14":{"start":{"line":50,"column":25},"end":{"line":50,"column":72}},"15":{"start":{"line":51,"column":6},"end":{"line":51,"column":null}},"16":{"start":{"line":55,"column":2},"end":{"line":55,"column":null}},"17":{"start":{"line":56,"column":2},"end":{"line":56,"column":null}},"18":{"start":{"line":66,"column":21},"end":{"line":66,"column":58}},"19":{"start":{"line":67,"column":17},"end":{"line":67,"column":77}},"20":{"start":{"line":69,"column":2},"end":{"line":71,"column":null}},"21":{"start":{"line":70,"column":4},"end":{"line":70,"column":null}},"22":{"start":{"line":73,"column":2},"end":{"line":73,"column":null}},"23":{"start":{"line":74,"column":2},"end":{"line":74,"column":null}},"24":{"start":{"line":84,"column":25},"end":{"line":84,"column":51}},"25":{"start":{"line":85,"column":2},"end":{"line":85,"column":null}},"26":{"start":{"line":85,"column":23},"end":{"line":85,"column":null}},"27":{"start":{"line":87,"column":18},"end":{"line":87,"column":35}},"28":{"start":{"line":88,"column":19},"end":{"line":88,"column":49}},"29":{"start":{"line":89,"column":2},"end":{"line":89,"column":null}},"30":{"start":{"line":99,"column":19},"end":{"line":99,"column":41}},"31":{"start":{"line":100,"column":18},"end":{"line":100,"column":35}},"32":{"start":{"line":101,"column":2},"end":{"line":101,"column":null}},"33":{"start":{"line":113,"column":18},"end":{"line":113,"column":72}},"34":{"start":{"line":114,"column":18},"end":{"line":114,"column":35}},"35":{"start":{"line":117,"column":2},"end":{"line":120,"column":null}},"36":{"start":{"line":118,"column":23},"end":{"line":118,"column":52}},"37":{"start":{"line":119,"column":4},"end":{"line":119,"column":null}},"38":{"start":{"line":123,"column":2},"end":{"line":123,"column":null}},"39":{"start":{"line":126,"column":18},"end":{"line":126,"column":52}},"40":{"start":{"line":129,"column":25},"end":{"line":133,"column":3}},"41":{"start":{"line":136,"column":25},"end":{"line":136,"column":56}},"42":{"start":{"line":137,"column":2},"end":{"line":137,"column":null}},"43":{"start":{"line":140,"column":2},"end":{"line":140,"column":null}}},"fnMap":{"0":{"name":"calculateConfigHash","decl":{"start":{"line":17,"column":22},"end":{"line":17,"column":41}},"loc":{"start":{"line":17,"column":51},"end":{"line":35,"column":null}},"line":17},"1":{"name":"(anonymous_1)","decl":{"start":{"line":21,"column":12},"end":{"line":21,"column":16}},"loc":{"start":{"line":21,"column":20},"end":{"line":21,"column":80}},"line":21},"2":{"name":"unzipConfigFile","decl":{"start":{"line":43,"column":22},"end":{"line":43,"column":37}},"loc":{"start":{"line":43,"column":44},"end":{"line":57,"column":null}},"line":43},"3":{"name":"zipConfigFile","decl":{"start":{"line":65,"column":22},"end":{"line":65,"column":35}},"loc":{"start":{"line":65,"column":45},"end":{"line":75,"column":null}},"line":65},"4":{"name":"parseSummary","decl":{"start":{"line":83,"column":16},"end":{"line":83,"column":28}},"loc":{"start":{"line":83,"column":38},"end":{"line":90,"column":null}},"line":83},"5":{"name":"generateSummary","decl":{"start":{"line":98,"column":16},"end":{"line":98,"column":31}},"loc":{"start":{"line":98,"column":45},"end":{"line":102,"column":null}},"line":98},"6":{"name":"exportConfigPackage","decl":{"start":{"line":112,"column":22},"end":{"line":112,"column":41}},"loc":{"start":{"line":112,"column":77},"end":{"line":141,"column":null}},"line":112}},"branchMap":{"0":{"loc":{"start":{"line":21,"column":20},"end":{"line":21,"column":80}},"type":"binary-expr","locations":[{"start":{"line":21,"column":20},"end":{"line":21,"column":49}},{"start":{"line":21,"column":53},"end":{"line":21,"column":80}}],"line":21},"1":{"loc":{"start":{"line":49,"column":4},"end":{"line":52,"column":null}},"type":"if","locations":[{"start":{"line":49,"column":4},"end":{"line":52,"column":null}},{"start":{},"end":{}}],"line":49},"2":{"loc":{"start":{"line":85,"column":2},"end":{"line":85,"column":null}},"type":"if","locations":[{"start":{"line":85,"column":2},"end":{"line":85,"column":null}},{"start":{},"end":{}}],"line":85},"3":{"loc":{"start":{"line":113,"column":18},"end":{"line":113,"column":72}},"type":"cond-expr","locations":[{"start":{"line":113,"column":36},"end":{"line":113,"column":60}},{"start":{"line":113,"column":63},"end":{"line":113,"column":72}}],"line":113}},"s":{"0":1,"1":11,"2":17,"3":11,"4":11,"5":15,"6":15,"7":15,"8":11,"9":0,"10":0,"11":0,"12":0,"13":0,"14":0,"15":0,"16":0,"17":0,"18":3,"19":3,"20":3,"21":7,"22":3,"23":3,"24":4,"25":4,"26":1,"27":3,"28":3,"29":3,"30":5,"31":5,"32":5,"33":3,"34":3,"35":3,"36":3,"37":3,"38":3,"39":3,"40":3,"41":3,"42":3,"43":3},"f":{"0":11,"1":17,"2":0,"3":3,"4":4,"5":5,"6":3},"b":{"0":[17,16],"1":[0,0],"2":[1,3],"3":[1,2]},"meta":{"lastBranch":4,"lastFunction":7,"lastStatement":44,"seen":{"s:5:24:5:38":0,"f:17:22:17:41":0,"s:19:22:22:11":1,"f:21:12:21:16":1,"s:21:20:21:80":2,"b:21:20:21:49:21:53:21:80":0,"s:24:16:24:30":3,"s:26:2:32:Infinity":4,"s:27:20:27:37":5,"s:29:20:29:61":6,"s:31:4:31:Infinity":7,"s:34:2:34:Infinity":8,"f:43:22:43:37":2,"s:44:17:44:91":9,"s:45:18:45:43":10,"s:46:18:46:27":11,"s:48:2:53:Infinity":12,"b:49:4:52:Infinity:undefined:undefined:undefined:undefined":1,"s:49:4:52:Infinity":13,"s:50:25:50:72":14,"s:51:6:51:Infinity":15,"s:55:2:55:Infinity":16,"s:56:2:56:Infinity":17,"f:65:22:65:35":3,"s:66:21:66:58":18,"s:67:17:67:77":19,"s:69:2:71:Infinity":20,"s:70:4:70:Infinity":21,"s:73:2:73:Infinity":22,"s:74:2:74:Infinity":23,"f:83:16:83:28":4,"s:84:25:84:51":24,"b:85:2:85:Infinity:undefined:undefined:undefined:undefined":2,"s:85:2:85:Infinity":25,"s:85:23:85:Infinity":26,"s:87:18:87:35":27,"s:88:19:88:49":28,"s:89:2:89:Infinity":29,"f:98:16:98:31":5,"s:99:19:99:41":30,"s:100:18:100:35":31,"s:101:2:101:Infinity":32,"f:112:22:112:41":6,"s:113:18:113:72":33,"b:113:36:113:60:113:63:113:72":3,"s:114:18:114:35":34,"s:117:2:120:Infinity":35,"s:118:23:118:52":36,"s:119:4:119:Infinity":37,"s:123:2:123:Infinity":38,"s:126:18:126:52":39,"s:129:25:133:3":40,"s:136:25:136:56":41,"s:137:2:137:Infinity":42,"s:140:2:140:Infinity":43}}}
,"/Users/ex/project/smallNfast/s4c-web/src/util/remarshalUtils.js": {"path":"/Users/ex/project/smallNfast/s4c-web/src/util/remarshalUtils.js","statementMap":{"0":{"start":{"line":5,"column":24},"end":{"line":9,"column":1}},"1":{"start":{"line":11,"column":23},"end":{"line":14,"column":1}},"2":{"start":{"line":18,"column":2},"end":{"line":18,"column":null}},"3":{"start":{"line":18,"column":16},"end":{"line":18,"column":null}},"4":{"start":{"line":19,"column":2},"end":{"line":21,"column":null}},"5":{"start":{"line":20,"column":4},"end":{"line":20,"column":null}},"6":{"start":{"line":20,"column":34},"end":{"line":20,"column":null}},"7":{"start":{"line":22,"column":2},"end":{"line":22,"column":null}},"8":{"start":{"line":27,"column":15},"end":{"line":27,"column":61}},"9":{"start":{"line":28,"column":2},"end":{"line":28,"column":null}},"10":{"start":{"line":28,"column":13},"end":{"line":28,"column":null}},"11":{"start":{"line":30,"column":17},"end":{"line":30,"column":49}},"12":{"start":{"line":31,"column":23},"end":{"line":31,"column":49}},"13":{"start":{"line":33,"column":2},"end":{"line":33,"column":null}},"14":{"start":{"line":33,"column":40},"end":{"line":33,"column":52}},"15":{"start":{"line":41,"column":18},"end":{"line":41,"column":47}},"16":{"start":{"line":42,"column":2},"end":{"line":47,"column":null}},"17":{"start":{"line":43,"column":16},"end":{"line":43,"column":60}},"18":{"start":{"line":44,"column":4},"end":{"line":46,"column":null}},"19":{"start":{"line":45,"column":6},"end":{"line":45,"column":null}},"20":{"start":{"line":48,"column":2},"end":{"line":48,"column":null}},"21":{"start":{"line":55,"column":18},"end":{"line":55,"column":47}},"22":{"start":{"line":56,"column":14},"end":{"line":56,"column":73}},"23":{"start":{"line":57,"column":2},"end":{"line":57,"column":null}},"24":{"start":{"line":65,"column":2},"end":{"line":65,"column":null}},"25":{"start":{"line":65,"column":28},"end":{"line":65,"column":null}},"26":{"start":{"line":67,"column":19},"end":{"line":67,"column":63}},"27":{"start":{"line":68,"column":2},"end":{"line":68,"column":null}},"28":{"start":{"line":68,"column":17},"end":{"line":68,"column":null}},"29":{"start":{"line":70,"column":22},"end":{"line":70,"column":50}},"30":{"start":{"line":71,"column":18},"end":{"line":71,"column":52}},"31":{"start":{"line":73,"column":16},"end":{"line":73,"column":25}},"32":{"start":{"line":74,"column":15},"end":{"line":74,"column":16}},"33":{"start":{"line":76,"column":25},"end":{"line":95,"column":4}},"34":{"start":{"line":77,"column":28},"end":{"line":92,"column":6}},"35":{"start":{"line":78,"column":20},"end":{"line":78,"column":64}},"36":{"start":{"line":79,"column":20},"end":{"line":79,"column":28}},"37":{"start":{"line":81,"column":6},"end":{"line":83,"column":null}},"38":{"start":{"line":82,"column":8},"end":{"line":82,"column":null}},"39":{"start":{"line":87,"column":20},"end":{"line":87,"column":47}},"40":{"start":{"line":88,"column":6},"end":{"line":88,"column":null}},"41":{"start":{"line":88,"column":41},"end":{"line":88,"column":null}},"42":{"start":{"line":89,"column":6},"end":{"line":89,"column":null}},"43":{"start":{"line":89,"column":41},"end":{"line":89,"column":null}},"44":{"start":{"line":91,"column":6},"end":{"line":91,"column":null}},"45":{"start":{"line":94,"column":4},"end":{"line":94,"column":null}},"46":{"start":{"line":98,"column":23},"end":{"line":107,"column":3}},"47":{"start":{"line":110,"column":21},"end":{"line":110,"column":66}},"48":{"start":{"line":111,"column":2},"end":{"line":129,"column":null}},"49":{"start":{"line":112,"column":25},"end":{"line":112,"column":55}},"50":{"start":{"line":113,"column":19},"end":{"line":113,"column":38}},"51":{"start":{"line":114,"column":4},"end":{"line":128,"column":null}},"52":{"start":{"line":115,"column":34},"end":{"line":119,"column":8}},"53":{"start":{"line":116,"column":22},"end":{"line":116,"column":34}},"54":{"start":{"line":117,"column":22},"end":{"line":117,"column":65}},"55":{"start":{"line":118,"column":8},"end":{"line":118,"column":null}},"56":{"start":{"line":121,"column":6},"end":{"line":127,"column":null}},"57":{"start":{"line":131,"column":2},"end":{"line":131,"column":null}}},"fnMap":{"0":{"name":"findPath","decl":{"start":{"line":17,"column":9},"end":{"line":17,"column":17}},"loc":{"start":{"line":17,"column":34},"end":{"line":23,"column":null}},"line":17},"1":{"name":"getUsedChannelIds","decl":{"start":{"line":26,"column":16},"end":{"line":26,"column":33}},"loc":{"start":{"line":26,"column":46},"end":{"line":34,"column":null}},"line":26},"2":{"name":"(anonymous_2)","decl":{"start":{"line":33,"column":34},"end":{"line":33,"column":36}},"loc":{"start":{"line":33,"column":40},"end":{"line":33,"column":52}},"line":33},"3":{"name":"isSensorUsedInLogger","decl":{"start":{"line":40,"column":16},"end":{"line":40,"column":36}},"loc":{"start":{"line":40,"column":57},"end":{"line":49,"column":null}},"line":40},"4":{"name":"isChannelUsedInLogger","decl":{"start":{"line":54,"column":16},"end":{"line":54,"column":37}},"loc":{"start":{"line":54,"column":59},"end":{"line":58,"column":null}},"line":54},"5":{"name":"remarshalAll","decl":{"start":{"line":64,"column":16},"end":{"line":64,"column":28}},"loc":{"start":{"line":64,"column":41},"end":{"line":132,"column":null}},"line":64},"6":{"name":"(anonymous_6)","decl":{"start":{"line":76,"column":37},"end":{"line":76,"column":43}},"loc":{"start":{"line":76,"column":47},"end":{"line":95,"column":3}},"line":76},"7":{"name":"(anonymous_7)","decl":{"start":{"line":77,"column":58},"end":{"line":77,"column":60}},"loc":{"start":{"line":77,"column":64},"end":{"line":92,"column":5}},"line":77},"8":{"name":"(anonymous_8)","decl":{"start":{"line":115,"column":58},"end":{"line":115,"column":60}},"loc":{"start":{"line":115,"column":64},"end":{"line":119,"column":7}},"line":115}},"branchMap":{"0":{"loc":{"start":{"line":18,"column":2},"end":{"line":18,"column":null}},"type":"if","locations":[{"start":{"line":18,"column":2},"end":{"line":18,"column":null}},{"start":{},"end":{}}],"line":18},"1":{"loc":{"start":{"line":20,"column":4},"end":{"line":20,"column":null}},"type":"if","locations":[{"start":{"line":20,"column":4},"end":{"line":20,"column":null}},{"start":{},"end":{}}],"line":20},"2":{"loc":{"start":{"line":28,"column":2},"end":{"line":28,"column":null}},"type":"if","locations":[{"start":{"line":28,"column":2},"end":{"line":28,"column":null}},{"start":{},"end":{}}],"line":28},"3":{"loc":{"start":{"line":31,"column":23},"end":{"line":31,"column":49}},"type":"binary-expr","locations":[{"start":{"line":31,"column":23},"end":{"line":31,"column":43}},{"start":{"line":31,"column":47},"end":{"line":31,"column":49}}],"line":31},"4":{"loc":{"start":{"line":42,"column":20},"end":{"line":42,"column":43}},"type":"binary-expr","locations":[{"start":{"line":42,"column":20},"end":{"line":42,"column":37}},{"start":{"line":42,"column":41},"end":{"line":42,"column":43}}],"line":42},"5":{"loc":{"start":{"line":43,"column":16},"end":{"line":43,"column":60}},"type":"binary-expr","locations":[{"start":{"line":43,"column":16},"end":{"line":43,"column":28}},{"start":{"line":43,"column":32},"end":{"line":43,"column":44}},{"start":{"line":43,"column":48},"end":{"line":43,"column":60}}],"line":43},"6":{"loc":{"start":{"line":44,"column":4},"end":{"line":46,"column":null}},"type":"if","locations":[{"start":{"line":44,"column":4},"end":{"line":46,"column":null}},{"start":{},"end":{}}],"line":44},"7":{"loc":{"start":{"line":44,"column":8},"end":{"line":44,"column":45}},"type":"binary-expr","locations":[{"start":{"line":44,"column":8},"end":{"line":44,"column":25}},{"start":{"line":44,"column":29},"end":{"line":44,"column":45}}],"line":44},"8":{"loc":{"start":{"line":45,"column":13},"end":{"line":45,"column":49}},"type":"binary-expr","locations":[{"start":{"line":45,"column":13},"end":{"line":45,"column":34}},{"start":{"line":45,"column":38},"end":{"line":45,"column":49}}],"line":45},"9":{"loc":{"start":{"line":56,"column":14},"end":{"line":56,"column":73}},"type":"binary-expr","locations":[{"start":{"line":56,"column":14},"end":{"line":56,"column":31}},{"start":{"line":56,"column":35},"end":{"line":56,"column":52}},{"start":{"line":56,"column":56},"end":{"line":56,"column":73}}],"line":56},"10":{"loc":{"start":{"line":57,"column":10},"end":{"line":57,"column":47}},"type":"binary-expr","locations":[{"start":{"line":57,"column":10},"end":{"line":57,"column":27}},{"start":{"line":57,"column":31},"end":{"line":57,"column":47}}],"line":57},"11":{"loc":{"start":{"line":65,"column":2},"end":{"line":65,"column":null}},"type":"if","locations":[{"start":{"line":65,"column":2},"end":{"line":65,"column":null}},{"start":{},"end":{}}],"line":65},"12":{"loc":{"start":{"line":68,"column":2},"end":{"line":68,"column":null}},"type":"if","locations":[{"start":{"line":68,"column":2},"end":{"line":68,"column":null}},{"start":{},"end":{}}],"line":68},"13":{"loc":{"start":{"line":71,"column":23},"end":{"line":71,"column":50}},"type":"binary-expr","locations":[{"start":{"line":71,"column":23},"end":{"line":71,"column":44}},{"start":{"line":71,"column":48},"end":{"line":71,"column":50}}],"line":71},"14":{"loc":{"start":{"line":77,"column":29},"end":{"line":77,"column":52}},"type":"binary-expr","locations":[{"start":{"line":77,"column":29},"end":{"line":77,"column":46}},{"start":{"line":77,"column":50},"end":{"line":77,"column":52}}],"line":77},"15":{"loc":{"start":{"line":78,"column":20},"end":{"line":78,"column":64}},"type":"binary-expr","locations":[{"start":{"line":78,"column":20},"end":{"line":78,"column":32}},{"start":{"line":78,"column":36},"end":{"line":78,"column":48}},{"start":{"line":78,"column":52},"end":{"line":78,"column":64}}],"line":78},"16":{"loc":{"start":{"line":81,"column":6},"end":{"line":83,"column":null}},"type":"if","locations":[{"start":{"line":81,"column":6},"end":{"line":83,"column":null}},{"start":{},"end":{}}],"line":81},"17":{"loc":{"start":{"line":88,"column":6},"end":{"line":88,"column":null}},"type":"if","locations":[{"start":{"line":88,"column":6},"end":{"line":88,"column":null}},{"start":{},"end":{}}],"line":88},"18":{"loc":{"start":{"line":89,"column":6},"end":{"line":89,"column":null}},"type":"if","locations":[{"start":{"line":89,"column":6},"end":{"line":89,"column":null}},{"start":{},"end":{}}],"line":89},"19":{"loc":{"start":{"line":111,"column":2},"end":{"line":129,"column":null}},"type":"if","locations":[{"start":{"line":111,"column":2},"end":{"line":129,"column":null}},{"start":{},"end":{}}],"line":111},"20":{"loc":{"start":{"line":114,"column":4},"end":{"line":128,"column":null}},"type":"if","locations":[{"start":{"line":114,"column":4},"end":{"line":128,"column":null}},{"start":{},"end":{}}],"line":114},"21":{"loc":{"start":{"line":117,"column":22},"end":{"line":117,"column":65}},"type":"cond-expr","locations":[{"start":{"line":117,"column":41},"end":{"line":117,"column":57}},{"start":{"line":117,"column":60},"end":{"line":117,"column":65}}],"line":117}},"s":{"0":1,"1":1,"2":21,"3":1,"4":20,"5":30,"6":16,"7":4,"8":13,"9":13,"10":2,"11":11,"12":13,"13":13,"14":17,"15":5,"16":5,"17":5,"18":5,"19":4,"20":1,"21":3,"22":3,"23":3,"24":6,"25":2,"26":4,"27":4,"28":0,"29":4,"30":4,"31":6,"32":6,"33":6,"34":5,"35":5,"36":5,"37":5,"38":5,"39":5,"40":5,"41":0,"42":5,"43":0,"44":5,"45":5,"46":6,"47":6,"48":6,"49":1,"50":1,"51":1,"52":1,"53":2,"54":2,"55":2,"56":1,"57":4},"f":{"0":21,"1":13,"2":17,"3":5,"4":3,"5":6,"6":5,"7":5,"8":2},"b":{"0":[1,20],"1":[16,14],"2":[2,11],"3":[13,1],"4":[5,0],"5":[5,2,1],"6":[4,1],"7":[5,5],"8":[4,3],"9":[3,1,1],"10":[3,2],"11":[2,4],"12":[0,4],"13":[4,0],"14":[5,1],"15":[5,0,0],"16":[5,0],"17":[0,5],"18":[0,5],"19":[1,5],"20":[1,0],"21":[2,0]},"meta":{"lastBranch":22,"lastFunction":9,"lastStatement":58,"seen":{"s:5:24:9:1":0,"s:11:23:14:1":1,"f:17:9:17:17":0,"b:18:2:18:Infinity:undefined:undefined:undefined:undefined":0,"s:18:2:18:Infinity":2,"s:18:16:18:Infinity":3,"s:19:2:21:Infinity":4,"b:20:4:20:Infinity:undefined:undefined:undefined:undefined":1,"s:20:4:20:Infinity":5,"s:20:34:20:Infinity":6,"s:22:2:22:Infinity":7,"f:26:16:26:33":1,"s:27:15:27:61":8,"b:28:2:28:Infinity:undefined:undefined:undefined:undefined":2,"s:28:2:28:Infinity":9,"s:28:13:28:Infinity":10,"s:30:17:30:49":11,"s:31:23:31:49":12,"b:31:23:31:43:31:47:31:49":3,"s:33:2:33:Infinity":13,"f:33:34:33:36":2,"s:33:40:33:52":14,"f:40:16:40:36":3,"s:41:18:41:47":15,"s:42:2:47:Infinity":16,"b:42:20:42:37:42:41:42:43":4,"s:43:16:43:60":17,"b:43:16:43:28:43:32:43:44:43:48:43:60":5,"b:44:4:46:Infinity:undefined:undefined:undefined:undefined":6,"s:44:4:46:Infinity":18,"b:44:8:44:25:44:29:44:45":7,"s:45:6:45:Infinity":19,"b:45:13:45:34:45:38:45:49":8,"s:48:2:48:Infinity":20,"f:54:16:54:37":4,"s:55:18:55:47":21,"s:56:14:56:73":22,"b:56:14:56:31:56:35:56:52:56:56:56:73":9,"s:57:2:57:Infinity":23,"b:57:10:57:27:57:31:57:47":10,"f:64:16:64:28":5,"b:65:2:65:Infinity:undefined:undefined:undefined:undefined":11,"s:65:2:65:Infinity":24,"s:65:28:65:Infinity":25,"s:67:19:67:63":26,"b:68:2:68:Infinity:undefined:undefined:undefined:undefined":12,"s:68:2:68:Infinity":27,"s:68:17:68:Infinity":28,"s:70:22:70:50":29,"s:71:18:71:52":30,"b:71:23:71:44:71:48:71:50":13,"s:73:16:73:25":31,"s:74:15:74:16":32,"s:76:25:95:4":33,"f:76:37:76:43":6,"s:77:28:92:6":34,"b:77:29:77:46:77:50:77:52":14,"f:77:58:77:60":7,"s:78:20:78:64":35,"b:78:20:78:32:78:36:78:48:78:52:78:64":15,"s:79:20:79:28":36,"b:81:6:83:Infinity:undefined:undefined:undefined:undefined":16,"s:81:6:83:Infinity":37,"s:82:8:82:Infinity":38,"s:87:20:87:47":39,"b:88:6:88:Infinity:undefined:undefined:undefined:undefined":17,"s:88:6:88:Infinity":40,"s:88:41:88:Infinity":41,"b:89:6:89:Infinity:undefined:undefined:undefined:undefined":18,"s:89:6:89:Infinity":42,"s:89:41:89:Infinity":43,"s:91:6:91:Infinity":44,"s:94:4:94:Infinity":45,"s:98:23:107:3":46,"s:110:21:110:66":47,"b:111:2:129:Infinity:undefined:undefined:undefined:undefined":19,"s:111:2:129:Infinity":48,"s:112:25:112:55":49,"s:113:19:113:38":50,"b:114:4:128:Infinity:undefined:undefined:undefined:undefined":20,"s:114:4:128:Infinity":51,"s:115:34:119:8":52,"f:115:58:115:60":8,"s:116:22:116:34":53,"s:117:22:117:65":54,"b:117:41:117:57:117:60:117:65":21,"s:118:8:118:Infinity":55,"s:121:6:127:Infinity":56,"s:131:2:131:Infinity":57}}}
}
